{"name": "test_guest_cant_see_success_message_after_adding_product_to_basket", "status": "skipped", "statusDetails": {"message": "XFAIL\n\nAssertionError: Success message is presented, but should not be", "trace": "self = <module_5.test_product_page.TestProductPage object at 0x000002D112433708>, browser = <selenium.webdriver.chrome.webdriver.WebDriver (session=\"1d88ddbae4bb74bb54dd32aaa2ea1c8b\")>\n\n    @pytest.mark.xfail\n    def test_guest_cant_see_success_message_after_adding_product_to_basket(self, browser):\n        link = \"http://selenium1py.pythonanywhere.com/catalogue/coders-at-work_207/\"\n        page = ProductPage(browser, link)\n        page.open()\n        page.add_to_basket()\n>       page.should_not_be_success_message()\n\nmodule_5\\test_product_page.py:54: \n_ _ _ _ _ _ _ _ _ _ _ _ _ _ _ _ _ _ _ _ _ _ _ _ _ _ _ _ _ _ _ _ _ _ _ _ _ _ _ _ _ _ _ _ _ _ _ _ _ _ _ _ _ _ _ _ _ _ _ _ _ _ _ _ _ _ _ _ _ _ _ _ _ _ _ _ _ _ _ _ _ _ _ _ _ _ _ _ _ _ _ _\n\nself = <module_5.pages.product_page.ProductPage object at 0x000002D1124903C8>\n\n    def should_not_be_success_message(self):\n        assert self.is_not_element_present(*ProductPageLocators.BASKET_SUCCESS_ALERT), \\\n>           'Success message is presented, but should not be'\nE       AssertionError: Success message is presented, but should not be\n\nmodule_5\\pages\\product_page.py:48: AssertionError"}, "start": 1616237322902, "stop": 1616237327178, "uuid": "c5487c47-d3f1-4fa8-9ea5-1e1821461c81", "historyId": "73a493c161f5189f89249bf7a7c46bd7", "testCaseId": "2ea4af866a6f0b6145e4e6caa3eec1ae", "fullName": "module_5.test_product_page.TestProductPage#test_guest_cant_see_success_message_after_adding_product_to_basket", "labels": [{"name": "tag", "value": "@pytest.mark.xfail"}, {"name": "parentSuite", "value": "module_5"}, {"name": "suite", "value": "test_product_page"}, {"name": "subSuite", "value": "TestProductPage"}, {"name": "host", "value": "PC"}, {"name": "thread", "value": "25188-MainThread"}, {"name": "framework", "value": "pytest"}, {"name": "language", "value": "cpython3"}, {"name": "package", "value": "module_5.test_product_page"}]}